<?xml version="1.0" encoding="UTF-8"?>
<!-- Generated by org.testng.reporters.JUnitXMLReporter -->
<testsuite hostname="LAPTOP-N20DUSAV" ignored="0" name="Checkout tests" tests="2" failures="0" timestamp="04 Mar 2018 17:18:43 GMT" time="7.79" errors="0">
  <testcase name="productListingTest" time="0.92" classname="com.prestashop.tests.checkout.ProductCheckOutTest"/>
  <testcase name="checkOutTest" time="0.792" classname="com.prestashop.tests.checkout.ProductCheckOutTest"/>
</testsuite> <!-- Checkout tests -->
