<?xml version="1.0" encoding="UTF-8"?>
<!-- Generated by org.testng.reporters.JUnitXMLReporter -->
<testsuite hostname="LAPTOP-N20DUSAV" ignored="2" name="Search tests" tests="2" failures="0" timestamp="04 Mar 2018 19:48:26 GMT" time="22.399" errors="0">
  <testcase name="searchTest" time="5.214" classname="com.prestashop.tests.search.SearchTest"/>
  <testcase name="positiveLogin" time="4.426" classname="com.prestashop.tests.registration.LoginTest"/>
  <testcase name="productDetailsTest" time="0.0" classname="com.prestashop.tests.search.SearchTest">
    <ignored/>
  </testcase> <!-- productDetailsTest -->
  <testcase name="anotherTest" time="0.0" classname="com.prestashop.tests.search.SearchTest">
    <ignored/>
  </testcase> <!-- anotherTest -->
</testsuite> <!-- Search tests -->
