<?xml version="1.0" encoding="UTF-8"?>
<!-- Generated by org.testng.reporters.JUnitXMLReporter -->
<testsuite hostname="LAPTOP-N20DUSAV" ignored="2" name="Search tests1" tests="1" failures="0" timestamp="03 Mar 2018 21:37:11 GMT" time="10.681" errors="0">
  <testcase name="searchTest" time="5.932" classname="com.prestashop.tests.search.SearchTest"/>
  <testcase name="productDetailsTest" time="0.0" classname="com.prestashop.tests.search.SearchTest">
    <ignored/>
  </testcase> <!-- productDetailsTest -->
  <testcase name="anotherTest" time="0.0" classname="com.prestashop.tests.search.SearchTest">
    <ignored/>
  </testcase> <!-- anotherTest -->
</testsuite> <!-- Search tests1 -->
