<?xml version="1.0" encoding="UTF-8"?>
<!-- Generated by org.testng.reporters.JUnitXMLReporter -->
<testsuite hostname="LAPTOP-N20DUSAV" ignored="2" name="Smke Search tests using firefox" tests="2" failures="0" timestamp="04 Mar 2018 19:58:57 GMT" time="20.395" errors="0">
  <testcase name="searchTest" time="5.207" classname="com.prestashop.tests.search.SearchTest"/>
  <testcase name="positiveLogin" time="2.574" classname="com.prestashop.tests.registration.LoginTest"/>
  <testcase name="productDetailsTest" time="0.0" classname="com.prestashop.tests.search.SearchTest">
    <ignored/>
  </testcase> <!-- productDetailsTest -->
  <testcase name="anotherTest" time="0.0" classname="com.prestashop.tests.search.SearchTest">
    <ignored/>
  </testcase> <!-- anotherTest -->
</testsuite> <!-- Smke Search tests using firefox -->
